"26-köpfiger Salamander",67,25000,1,2,http://welt1.freewar.de/freewar/images/npcs/wsalam2.gif,0,3
Aasgeier,2,10,1,23,http://welt1.freewar.de/freewar/images/npcs/aasgeier.gif,0,4
"Abgesandter der Eiswelt (Oberfläche)",34,6000,1,23,http://welt1.freewar.de/freewar/images/npcs/abgesand.gif,0,4
"Abgesandter der Eiswelt (Vorhof der Eiswelt)",34,6000,1,6,http://welt1.freewar.de/freewar/images/npcs/abgesand.gif,0,4
"Abgestürzte Lichtpflanze",5,45,1,45,,0,4
"Abgestürzter Weltraum-Kraken",13,200,1,21,http://welt1.freewar.de/freewar/images/npcs/weltraumkrake.gif,0,4
"Absorbierende Dunkelsee-Qualle",360,189,1,16,,0,7
"Abtrünnige Wolke",95,25000,2,10,http://welt1.freewar.de/freewar/images/npcs/wolke.gif,0,2
Algenechse,6,60,1,12,http://welt1.freewar.de/freewar/images/npcs/algenvieh.gif,0,4
"Alte Grottenschlange",2710,420000,1,28,http://welt1.freewar.de/freewar/images/npcs/gschlange.gif,0,4
"Alte Pilzwachtel",1,3,1,6,,0,4
"Alter Frostwolf",420,204,1,20,http://welt1.freewar.de/freewar/images/npcs/frostwolf.gif,0,7
"Alter Goldballenwurm",5,15,0,12,http://welt1.freewar.de/freewar/images/npcs/zawurm.gif,0,4
"Alter Mann",1,3,1,6,http://welt1.freewar.de/freewar/images/npcs/altermann.gif,0,4
"Alter Stororaptor",250,119,0,0,http://welt1.freewar.de/freewar/images/npcs/storo.gif,0,7
"Alter Ölfisch",12,150,1,25,http://welt1.freewar.de/freewar/images/npcs/fisch1.gif,0,4
"Altes Blätterwesen",5,50,1,33,,0,4
"Altes Kaklatron",2,7,1,23,http://welt1.freewar.de/freewar/images/npcs/kaklatron.gif,0,4
Altstadtratte,3,12,1,2,http://welt1.freewar.de/freewar/images/npcs/waldratte.gif,0,4
Ameisenhügel,2,13,1,32,,0,4
"Anatubischer Windhund",15,200,10,20,http://welt1.freewar.de/freewar/images/npcs/windhund.gif,0,2
"Angebissene Lianenechse",3,10,1,8,,0,4
Aschenvogel,2,20,1,28,http://welt1.freewar.de/freewar/images/npcs/aschenvogel.gif,0,4
Astgreifer,228,51948,0,1,,0,4
"Aufgeregter Nebelhüpfer",5,15,1,60,http://welt1.freewar.de/freewar/images/npcs/nebelhu.gif,0,4
"Ausgesaugter Energiewurm",1,1,1,5,http://welt1.freewar.de/freewar/images/npcs/energiewurm.gif,0,2
"Ausgestoßener Glypra",12,350,1,14,http://welt1.freewar.de/freewar/images/npcs/glypra.gif,0,4
"Ausgewachsener Strativar",552,75000,1,12,http://welt1.freewar.de/freewar/images/npcs/ostrativar.gif,0,4
Baby-Einflügler,5,90,1,50,,0,4
"Badender Frostwolf-Welpe",8,70,1,16,http://welt1.freewar.de/freewar/images/npcs/frostwolf3.gif,0,4
Baru-Giftegel,2,7,1,15,http://welt1.freewar.de/freewar/images/npcs/giftegel.gif,0,4
Baru-Schrecke,50,7000,3,20,http://welt1.freewar.de/freewar/images/npcs/bschrecke.gif,0,3
Baumkuschler,5,70,1,16,http://welt1.freewar.de/freewar/images/npcs/raupe1.gif,0,4
"Behüter der Kathedrale",55,1000,3,2,http://welt1.freewar.de/freewar/images/npcs/behueter.gif,0,3
"Belebender Falter",3,12,1,17,http://welt1.freewar.de/freewar/images/npcs/falter4.gif,0,4
Belpharia-Tucan,1,2,1,2,http://welt1.freewar.de/freewar/images/npcs/exoticbird.gif,0,4
"Bemooster Felsblock",1111,555555,2,23,,0,4
"Benebeltes Mormdat",3,10,1,40,http://welt1.freewar.de/freewar/images/npcs/mormdat.gif,0,4
Berghund,5,45,1,29,http://welt1.freewar.de/freewar/images/npcs/berghund.gif,0,4
Bergpilz,2,70,1,8,,0,4
Bernstein-Dokun,100,80000,10,80,http://welt1.freewar.de/freewar/images/npcs/dokun.gif,0,3
Bernstein-Falke,199,40000,2,36,http://welt1.freewar.de/freewar/images/npcs/falke.gif,0,4
Bernstein-Raupe,8,100,1,28,http://welt1.freewar.de/freewar/images/npcs/raupe.gif,0,4
"Bestialisches Tonar-Reptil",180,80,1,14,http://welt1.freewar.de/freewar/images/npcs/tonar.gif,0,7
"Betrunkener Rabauke",0,0,0,0,,1,5
Beuteltiger,40,8000,3,20,,0,3
"Bissiger Ölfisch",73,8000,1,13,http://welt1.freewar.de/freewar/images/npcs/fisch1.gif,0,4
Blattalisk,5,50,1,33,,0,4
Blattspinne,2,25,1,23,http://welt1.freewar.de/freewar/images/npcs/blattspinne.gif,0,4
"Blauer Landfisch",30,29000,2,100,http://welt1.freewar.de/freewar/images/npcs/landfisch.gif,0,3
"Blauer Stachelschuss-Igel",86,6000,1,12,http://welt1.freewar.de/freewar/images/npcs/igel.gif,0,4
"Blauer Todesläufer",35,1200,1,20,http://welt1.freewar.de/freewar/images/npcs/todeslaeufer.gif,0,4
"Blaues Glühwürmchen",12,200,1,120,http://welt1.freewar.de/freewar/images/npcs/bglueh.gif,0,4
"Blaues Stachel-Kowu",41,10000,5,2,http://welt1.freewar.de/freewar/images/npcs/bkowu.gif,0,3
Blaukamm-Vogel,1,10,1,1,http://welt1.freewar.de/freewar/images/npcs/blaukamm.gif,0,4
Blauschimmer-Ameise,62,3900,1,12,http://welt1.freewar.de/freewar/images/npcs/bameise.gif,0,4
Blauwaldwurm,2,30,1,21,http://welt1.freewar.de/freewar/images/npcs/blauwaldwurm.gif,0,4
Blumenbeißer,2,7,1,15,,0,4
Blumenkasten,0,1000,0,0,http://nyrrti.de/img/seite/bilder/Blumen/pflanzen/Blu-menkorb.gif,1,5
Blutameise,0,0,0,1,,0,4
Blutapfelbaum,25,12500,4,34,,0,2
Blutblatt,0,0,0,1,,0,4
Blutblob,40,1600,0,1,http://welt1.freewar.de/freewar/images/npcs/blutblob.gif,0,4
"Blutende Lianenschlinge",3,5,1,8,,0,4
Blutforsch,1,2,1,2,http://welt1.freewar.de/freewar/images/npcs/blutforsch.gif,0,4
Blutgeflecht,0,0,0,1,,0,4
Blutharzgeschoss,261,68121,0,1,,0,4
Blutharzregen,31,961,0,1,,0,4
Blutharztropfen,1,2,0,1,,0,4
"Blutige Peitschenliane",37,6500,1,32,,0,4
"Blutiges Schaf",1,5,1,4,,0,4
Blutkrähe,32,1024,0,1,,0,4
Blutkäfer,1,4,0,1,http://welt1.freewar.de/freewar/images/npcs/blutkaefer2.gif,0,4
Blutprobenwesen,0,0,1,0,,0,3
Blutrabe,0,0,0,1,http://welt1.freewar.de/freewar/images/npcs/rotrabe.gif,0,4
Blutspinne,2,4,0,1,,0,4
Blutspinnennetz,7,49,0,1,,0,4
Blutwanze,3,9,0,1,http://welt1.freewar.de/freewar/images/npcs/blutwanze.gif,0,4
Blutwurm,4,18,1,23,http://welt1.freewar.de/freewar/images/npcs/blutwurm.gif,0,4
"Bockiger Stier",47,503,1,5,http://welt1.freewar.de/freewar/images/npcs/donnerstier.gif,0,6
"Borkende Blutbirke",0,0,0,1,,0,4
Borstenfisch,3,20,1,17,http://welt1.freewar.de/freewar/images/npcs/borstenfisch.gif,0,4
"Brennendes Schaf",1,5,1,12,,0,4
"Bruder des Nebelbesens",3,15,1,5,,0,4
Brummkäfer,1,10,1,8,http://welt1.freewar.de/freewar/images/npcs/brumm.gif,0,4
"Brutaler Fallensteller",850,135000,1,10,http://welt1.freewar.de/freewar/images/npcs/fallensteller.gif,0,4
"Brznkk Gttsnz",0,5000,0,0,,1,5
"Bulliges Erd-Skelkos",85,300,1,25,http://welt1.freewar.de/freewar/images/npcs/skelkos2.gif,0,3
Busch-Frul,5,55,2,55,,0,4
Bücherwurm,1,5,2,5,,0,4
Chiup-Vogel,2,15,1,17,http://welt1.freewar.de/freewar/images/npcs/chiup.gif,0,4
"Crim Garaank",40,10000,5,2,,0,4
Deckenkleiber,3,10,1,40,,0,4
"Denkender Lavablob",28,7000,1,12,http://welt1.freewar.de/freewar/images/npcs/lavablob.gif,0,4
"Dicke, fette Strandkrabbe",4,20,1,20,http://welt1.freewar.de/freewar/images/npcs/strandkrabbe.gif,0,4
"Dicker Zukuvogel",2,15,1,9,http://welt1.freewar.de/freewar/images/npcs/zukuvogel.gif,0,4
"Dickhäutiger Goldballenwurm",340,180,0,16,http://welt1.freewar.de/freewar/images/npcs/zawurm.gif,0,7
"Dickhäutiger Graustein-Bär",106,247,1,12,http://welt1.freewar.de/freewar/images/npcs/graustein.gif,0,6
"Diebstahlfalle (NPC)",0,100,0,0,http://welt1.freewar.de/freewar/images/items/falle2.gif,1,5
Diebstahlfallen-Verwalter,42,10000,2,10,http://welt1.freewar.de/freewar/images/npcs/fallensteller2.gif,0,2
"Diener des Feuers",150,20000,2,50,http://welt1.freewar.de/freewar/images/npcs/diener.gif,0,3
"Diener von Beispieluser",0,0,0,3,http://welt1.freewar.de/freewar/images/npcs/person8.gif,0,4
Dilinug,1,2,1,2,,0,4
Donnersandschlange,6,60,1,18,http://welt1.freewar.de/freewar/images/npcs/donnersandschlange.gif,0,4
Donnerstier,9,180,3,63,http://welt1.freewar.de/freewar/images/npcs/donnerstier.gif,0,4
"Doppelköpfiger Riesenskorpion",8,100,2,14,http://welt1.freewar.de/freewar/images/npcs/dopskorpion.gif,0,4
Dradonfalter,9,60,1,7,http://welt1.freewar.de/freewar/images/npcs/falter5.gif,0,4
"Dreiköpfige Wasserschlange",25,10000,7,2,,0,2
"Dreiäugiger Stier",3,3,1,7,,0,4
"Duftendes Grünschleimwesen",666,90000,1,13,http://welt1.freewar.de/freewar/images/npcs/gschleier.gif,0,4
"Dummer Lavablob",3,15,1,12,http://welt1.freewar.de/freewar/images/npcs/lavablob.gif,0,4
Dunbrakatze,2,20,0,3,http://welt1.freewar.de/freewar/images/npcs/dunbra.gif,0,4
Dunkelgrottenpilz,9,120,1,8,http://welt1.freewar.de/freewar/images/npcs/grottenpilz.gif,0,4
Dunkelmorin,800,80000,5,80,http://welt1.freewar.de/freewar/images/npcs/dunkelmorin2.gif,0,3
Dunkelmorin-Skelett,311,45000,1,26,http://welt1.freewar.de/freewar/images/npcs/dskelet.gif,0,4
Dunkelsand-Schmetterling,13,50,1,7,http://www.welt1.freewar.de/freewar/images/npcs/schmetter1.gif,0,4
Dunkelsandkrebs,12,250,1,25,http://welt1.freewar.de/freewar/images/npcs/dunkelsandkrebs.gif,0,4
Dunkelschlamm-Wurm,23,3000,2,100,,0,3
Dunkelsee-Qualle,32,250,1,14,http://welt1.freewar.de/freewar/images/npcs/qualle1.gif,0,4
Dunkelstern-Arbeiter,4,30,0,21,,0,4
Dunkelstern-Krieger,7,70,0,29,,0,4
Dunkelstern-Magier,9,100,0,33,http://welt1.freewar.de/freewar/images/npcs/dsternmag.gif,0,4
Dunkelstern-Seher,255,40000,0,2,http://welt1.freewar.de/freewar/images/npcs/magier3.gif,0,3
Dunkelwald-Skelett,90,400000,2,100,,0,3
Dunkelwanze,4,20,1,7,http://welt1.freewar.de/freewar/images/npcs/wanze1.gif,0,4
"Dunkle Sandratte",2,7,1,23,,0,4
"Dunkler Matschreißer",24,10000,10,2,http://welt1.freewar.de/freewar/images/npcs/matschrei2.gif,0,2
"Dunkler Sandtaprap",17,700,3,80,,0,4
"Dunkler Schamane",12,180,2,46,http://welt1.freewar.de/freewar/images/npcs/schamane.gif,0,4
"Durchgedrehter Felsenschreier",343,46000,2,30,http://welt1.freewar.de/freewar/images/npcs/felsenschreier.gif,0,4
"Durstige Riesenlibelle",2,10,1,10,http://welt1.freewar.de/freewar/images/npcs/riesenlibelle.gif,0,4
Dämonenhund,20,2000,1,2,,0,2
"Dämonisches Grünschleimwesen",666,90000,1,14,http://welt1.freewar.de/freewar/images/npcs/gschleier.gif,0,4
"Ein Schwarm Blutkrähen",100,10000,0,1,,0,4
"Eine Schar Blutraben",243,59049,0,1,,0,4
Einflügler,400,60000,1,50,,0,4
"Einsamer Schneehase",2,8,1,12,,0,4
"Einsamer Waldhüpfer",5,20,1,12,http://welt1.freewar.de/freewar/images/npcs/waldhu.gif,0,4
"Einäugiger Stier",3,12,1,28,,0,4
Eisbohrmaschine,7,90,1,21,http://welt1.freewar.de/freewar/images/npcs/eisbohrm.gif,0,4
Eisbohrmaschine-Prototyp,7,90,1,21,http://welt1.freewar.de/freewar/images/npcs/eisbohrm.gif,0,4
Eisvogel,8,60,1,34,http://welt1.freewar.de/freewar/images/npcs/eisvogel.gif,0,4
Eiswelt-Echse,340,10000,2,50,http://welt1.freewar.de/freewar/images/npcs/eiswelt.gif,0,3
Eiswurm,6,40,2,17,http://welt1.freewar.de/freewar/images/npcs/eiswurm.gif,0,4
Ektofron,50,5000,1,36,http://welt1.freewar.de/freewar/images/npcs/ektofron2.gif,0,4
"Energetischer Falter",6,25,1,15,http://welt1.freewar.de/freewar/images/npcs/falter1.gif,0,4
Energiewurm,2,40,1,17,http://welt1.freewar.de/freewar/images/npcs/energiewurm.gif,0,4
"Enorme Stachelschildkröte",1800,350000,1,15,http://welt1.freewar.de/freewar/images/npcs/schildkr.gif,0,4
"Enormer Graustein-Bär",49,153,1,12,http://welt1.freewar.de/freewar/images/npcs/graustein.gif,0,7
"Entflohener Mörder",215,9000,2,5,http://welt1.freewar.de/freewar/images/npcs/person2.gif,0,2
"Entlaufene Geisterschabe",3,17,0,4,,0,4
Erd-Skelkos,8,300,1,25,http://welt1.freewar.de/freewar/images/npcs/skelkos2.gif,0,2
Erdfisch,4,25,1,20,http://welt1.freewar.de/freewar/images/npcs/erdfisch.gif,0,4
Erdkäfer,1,2,0,2,,0,4
Erdschlurch,2,13,1,32,,0,4
Erdvogel,7,50,1,23,http://welt1.freewar.de/freewar/images/npcs/erdvogel.gif,0,4
"Erfahrener Frostwolf",1700,840000,1,16,http://welt1.freewar.de/freewar/images/npcs/frostwolf.gif,0,4
"Erfrorenes Schaf",0,0,0,0,,0,4
"Erschöpfte Klauenratte",1,7,1,6,,0,4
"Ertrinkender Energiewurm",2,40,1,17,http://welt1.freewar.de/freewar/images/npcs/energiewurm.gif,0,4
Exil-Nomade,5,50,2,12,,0,4
"Exotischer Fisch",2,5,1,5,http://welt1.freewar.de/freewar/images/npcs/exoticfish.gif,0,4
Experimental-Phasenwesen,123,1234567890,1,1,,0,2
"Explosionsfalle (NPC)",0,100,0,0,http://welt1.freewar.de/freewar/images/items/falle5.gif,1,5
"Fahrender Händler",0,1000,0,0,http://welt1.freewar.de/freewar/images/npcs/zelt.gif,1,5
Fallensteller,8,90,1,8,http://welt1.freewar.de/freewar/images/npcs/fallensteller.gif,0,4
Feldhase,1,2,1,2,http://welt1.freewar.de/freewar/images/npcs/feldhase.gif,0,4
Felsenechse,5,60,1,33,,0,4
Felsenkriecher,762,648000,2,25,,0,4
Felsenschreier,10,1,1,30,http://welt1.freewar.de/freewar/images/npcs/felsenschreier.gif,0,4
Felsenwurm,4,20,1,29,http://welt1.freewar.de/freewar/images/npcs/felsenwurm.gif,0,4
Feuergeist,25,3000,3,69,http://welt1.freewar.de/freewar/images/npcs/feuergeist.gif,0,4
Feuerlaub-Echse,6,70,1,16,http://welt1.freewar.de/freewar/images/npcs/feuerlaub.gif,0,4
Feuerlurch,15,150,1,45,http://welt1.freewar.de/freewar/images/npcs/feuerlurch.gif,0,4
Feuervogel,25,3000,3,69,,0,4
Feuerwachtel,17,4000,2,100,http://welt1.freewar.de/freewar/images/npcs/feuerwachtel.gif,0,3
Feuerwolf,2,9,1,23,,0,4
Feueröl-Händler,0,1000,0,0,http://welt1.freewar.de/freewar/images/npcs/zelt.gif,1,5
Finstereis-Bewacher,1,100,0,0,,0,4
"Flammendes Glühwürmchen",1,2,1,12,,0,4
Flammenwurm,2,15,1,10,http://welt1.freewar.de/freewar/images/npcs/flammenwurm.gif,0,4
Flecken-Wolf,2,18,1,26,http://welt1.freewar.de/freewar/images/npcs/fleckenwolf.gif,0,4
Fleckfarbenfisch,25,800,1,8,http://welt1.freewar.de/freewar/images/npcs/fleckfarbenfisch.gif,0,4
"Fleischfressende Sao-Pflanze",3,20,1,23,http://welt1.freewar.de/freewar/images/npcs/saopflanze.gif,0,4
"Fleißiges Lichtwesen",8,155,1,23,,0,4
"Fliegende Kuh",1,3,1,6,,0,4
"Fliegende Nebelkugel",20,200,1,20,,0,4
"Fliegender Todesfarn",28,28000,20,150,http://welt1.freewar.de/freewar/images/npcs/todesfarn.gif,0,2
"Flimmernde Farbanomalie",26,1000,1,15,http://welt1.freewar.de/freewar/images/npcs/fanomalie.gif,0,3
"Flinker Bernstein-Falke",120,54,1,37,http://welt1.freewar.de/freewar/images/npcs/falke.gif,0,7
"Fluktuatives Zauberlabor",0,1000,0,0,http://welt1.freewar.de/freewar/images/npcs/zlabor.gif,1,5
Flüstergeist,1,30,0,1,http://welt1.freewar.de/freewar/images/npcs/flgeist.gif,0,4
"Frierender Schneefisch",1,7,1,8,http://welt1.freewar.de/freewar/images/npcs/stabfisch.gif,0,4
"Frierender Schneekäfer",2,8,1,12,,0,4
"Frierender Schneewurm",2,35,1,12,http://welt1.freewar.de/freewar/images/npcs/schneewurm.gif,0,4
"Frierendes Schneewiesel",1,2,1,2,,0,4
Frost-Wiesel,9,150,1,70,http://welt1.freewar.de/freewar/images/npcs/frostwiesel.gif,0,4
Frostaugen-Bestie,7,70,1,30,,0,4
Frostdämon,65,12000,2,20,http://welt1.freewar.de/freewar/images/npcs/frostdaemon.gif,0,4
Frostgeist,14,250,2,34,,0,4
Frostwolf,870,280000,1,16,http://welt1.freewar.de/freewar/images/npcs/frostwolf.gif,0,4
Frostwolf-Anführer,3010,3700000,1,16,http://welt1.freewar.de/freewar/images/npcs/frostwolf2.gif,0,4
Frostwolf-Welpe,8,70,1,16,http://welt1.freewar.de/freewar/images/npcs/frostwolf3.gif,0,4
Gardu-Strauchkäfer,2,8,1,12,,0,4
"Gefallener Spindelschreiter",5,15,1,30,http://welt1.freewar.de/freewar/images/npcs/gefspindel.gif,0,4
"Gefleckte Riesenlibelle",4,35,1,12,http://welt1.freewar.de/freewar/images/npcs/riesenlibelle.gif,0,4
"Gefrässiger Schattensalamander",35,3200,1,18,http://welt1.freewar.de/freewar/images/npcs/salma.gif,0,4
"Gefräßige Schotterraupe",5,40,1,18,http://welt1.freewar.de/freewar/images/npcs/schotter.gif,0,4
"Gefährliches Tier",1,100000000,1,2,,0,4
"Geist der Depressionen",80,30000,3,23,http://welt1.freewar.de/freewar/images/npcs/gderdep.gif,0,4
"Geist der Finsternis",5,15,2,34,http://welt1.freewar.de/freewar/images/npcs/gderfin.gif,0,4
"Geist der Welt",5,40,1,29,,0,4
"Geist von Pur Pur",10,130,1,80,,0,4
Geister-Undaron,10,5,1,28,http://welt1.freewar.de/freewar/images/npcs/gundaron.gif,0,4
Geisterschabe,3,17,0,4,,0,4
"Geknickter lebender Ast",2,25,1,28,,0,4
"Gelangweilter Fallensteller",8,90,1,7,http://welt1.freewar.de/freewar/images/npcs/fallensteller.gif,0,4
Gelbbart-Yeti,23,2200,3,92,http://welt1.freewar.de/freewar/images/npcs/yeti.gif,0,4
Gelbkatze,1,3,1,12,,0,4
"Gemeiner Unterwelt-Dämon",45,3000,1,8,http://welt1.freewar.de/freewar/images/npcs/udemon.gif,0,4
"Gepanzertes Undaron",22,80,1,15,http://welt1.freewar.de/freewar/images/npcs/undaron.gif,0,6
Gepforn,3,20,1,28,,0,4
Geröllschlange,31,2200,2,16,,0,4
Geröllwiesenschlange,2,17,1,24,http://welt1.freewar.de/freewar/images/npcs/geroellwiesenschlange.gif,0,4
"Geschwächter Abgesandter",10,300,1,8,http://welt1.freewar.de/freewar/images/npcs/abgesand.gif,0,4
"Geschwächtes Kaklatron",1,7,1,5,http://welt1.freewar.de/freewar/images/npcs/kaklatron.gif,0,4
Geysir-Schlucker,1200,200000,2,40,http://welt1.freewar.de/freewar/images/npcs/geysir.gif,0,4
Giftbeißer,4,45,1,28,,0,4
"Giftfalle (NPC)",0,100,0,0,http://welt1.freewar.de/freewar/images/items/falle1.gif,1,5
"Giftgeist von Narubia",12,17000,20,2,,0,2
Giftgrabl,10,100,1,92,http://welt1.freewar.de/freewar/images/npcs/giftgrabl.gif,0,4
Giftschleimer,6,70,1,28,http://welt1.freewar.de/freewar/images/npcs/giftschleimer.gif,0,4
Giftsporenpilz,3,24,1,21,,0,4
"Gigantischer Spindelschreiter",1500,225000,0,1,http://welt1.freewar.de/freewar/images/npcs/spindel.gif,0,4
"Gigantischer Todesläufer",1040,180000,1,21,http://welt1.freewar.de/freewar/images/npcs/todeslaeufer.gif,0,4
Gipfellöwe,2837,1538000,3,57,,0,4
Glaswasserfisch,7,150,1,42,http://welt1.freewar.de/freewar/images/npcs/glaswasserfisch.gif,0,4
Gletscherente,2,10,1,12,http://welt1.freewar.de/freewar/images/npcs/gletscherente.gif,0,4
"Glibbriger Eiswurm",6,40,2,17,http://welt1.freewar.de/freewar/images/npcs/eiswurm.gif,0,4
"Glitschige Dunkelsee-Qualle",380,194,1,16,http://welt1.freewar.de/freewar/images/npcs/qualle1.gif,0,6
Glutlichtfalter,123,15951,2,46,http://welt1.freewar.de/freewar/images/npcs/glutlicht.gif,0,4
Glypra,12,350,1,14,http://welt1.freewar.de/freewar/images/npcs/glypra.gif,0,4
Glypra-Spion,18,15,1,18,http://welt1.freewar.de/freewar/images/npcs/glypra.gif,0,7
Glypra-Späher,12,350,1,14,http://welt1.freewar.de/freewar/images/npcs/glypra.gif,0,4
"Glühende Staubechse",180,30000,2,80,,0,4
Glühwürmchen,1,2,1,12,http://welt1.freewar.de/freewar/images/npcs/gluehwuermchen.gif,0,4
Goldballenwurm,30,40,0,12,http://welt1.freewar.de/freewar/images/npcs/zawurm.gif,0,4
"Goldener Flutentaucher",924,777777,0,15,http://welt1.freewar.de/freewar/images/npcs/fluten.gif,0,4
"Goldener Undaronwächter",0,0,1,28,,0,4
Goldfadenwurm,5,18,0,1,http://welt1.freewar.de/freewar/images/npcs/zawurm2.gif,0,4
Goldflossenfisch,2,17,1,23,http://welt1.freewar.de/freewar/images/npcs/goldflossenfisch.gif,0,4
Goldhornziege,3,1,3,80,http://welt1.freewar.de/freewar/images/npcs/goldhorn.gif,0,2
Goldkiste,0,1000,0,0,http://welt1.freewar.de/freewar/images/npcs/gtruhe.gif,1,5
Goldkraken,10,8000,4,2,http://welt1.freewar.de/freewar/images/npcs/goldkrake.gif,0,2
Goldkrebs,2,12,1,23,http://welt1.freewar.de/freewar/images/npcs/goldkrebs.gif,0,4
Goldkuh,4,30,1,2,http://welt1.freewar.de/freewar/images/npcs/goldkuh.gif,0,4
Goldwurm,6,40,2,57,http://welt1.freewar.de/freewar/images/npcs/goldwurm.gif,0,4
Goldwächter,14,300,3,23,,0,4
Grabfliege,2,7,1,23,http://welt1.freewar.de/freewar/images/npcs/grabfliege.gif,0,4
"Grabgeist der vermissten Toten",9,140,2,80,http://welt1.freewar.de/freewar/images/npcs/grabgeist.gif,0,4
Grabräuber,8,120,1,25,http://welt1.freewar.de/freewar/images/npcs/grabraeuber.gif,0,2
Grabschlecker,4,50,2,70,http://welt1.freewar.de/freewar/images/npcs/schlecker.gif,0,2
Grabwurm,3,18,1,24,http://welt1.freewar.de/freewar/images/npcs/grabwurm.gif,0,4
"Grafrather Stechmückenschwarm",1,1,0,1,http://welt1.freewar.de/freewar/images/npcs/sira.gif,0,4
Grasblatt-Schlange,6,55,1,16,http://welt1.freewar.de/freewar/images/npcs/grasblatt.gif,0,4
Graswiesenschlange,2,17,1,24,http://welt1.freewar.de/freewar/images/npcs/graswiesenschlange.gif,0,4
Gratrat-Alien,20,800,1,12,,0,4
Graubartechse,1,6,1,5,,0,4
Graugoldfalter,4,18,1,45,http://welt1.freewar.de/freewar/images/npcs/falter2.gif,0,4
Graustein-Bär,10,4800,1,15,http://welt1.freewar.de/freewar/images/npcs/graustein.gif,0,4
Grottenschlange,271,32000,1,23,http://welt1.freewar.de/freewar/images/npcs/gschlange.gif,0,4
"Großer Blattalisk",10,10000,12,2,,0,2
"Großer Bohnenschnapper",3,18,1,18,,0,4
"Großer Erdkäfer",2,20,0,12,,0,4
"Großer Laubbär",24,2600,2,92,http://welt1.freewar.de/freewar/images/npcs/laubbaer2.gif,0,4
"Großer Lava-Käfer",8,120,2,46,,0,4
"Großer Nebelkreischer",25,400000,5,40,,0,2
"Großer Phasenvogel",955,380000,1,1,http://welt1.freewar.de/freewar/images/npcs/pgvogel.gif,0,4
"Großer Prärieskorpion",19,1000,2,100,http://welt1.freewar.de/freewar/images/npcs/skorpion1.gif,0,3
"Großer Schatten der Dunkelheit",630,85000,1,8,http://welt1.freewar.de/freewar/images/npcs/schatten.gif,0,4
"Großer Wurzelwurm",10,150,1,39,,0,4
"Großes Eistentakel",20,20000,5,2,,0,2
Grunulum,5,40,2,57,http://welt1.freewar.de/freewar/images/npcs/grunulum.gif,0,4
Grünbaum-Affe,70,4000,2,100,,0,3
"Grüne Rotorlibelle",26,50000,5,2,http://welt1.freewar.de/freewar/images/npcs/rotorlibelle.gif,0,2
"Grünes Stachel-Kowu",41,5000,5,2,http://welt1.freewar.de/freewar/images/npcs/gkowu.gif,0,3
Grünschimmer-Ameise,18,260,1,9,http://welt1.freewar.de/freewar/images/npcs/gameise.gif,0,4
Gurdz-Beerenstrauch,3,28,1,16,,0,4
Handwerker,0,0,0,0,http://s1.directupload.net/images/140609/l3vv7fmr.png,1,5
Hangstelzer,46,6500,1,24,,0,4
"Harmloser Giftsporenpilz",3,24,1,20,,0,4
Hase,1,2,1,2,http://welt1.freewar.de/freewar/images/npcs/hase.gif,0,4
"Heilender Baum (NPC)",8,90,1,2,http://welt1.freewar.de/freewar/images/npcs/heilenderbaum.gif,0,2
"Herrscher der eisigen Dämonen",64,25000,5,2,http://welt1.freewar.de/freewar/images/npcs/herrderdam.gif,0,3
"Herz des Blutwaldes",33,400000,5,57,,0,3
"Hinterlistiger Stororaptor",1630,551000,1,25,http://welt1.freewar.de/freewar/images/npcs/storo.gif,0,4
Holz-Maus,1,7,1,3,,0,4
Holzplatten-Schildkröte,4,45,1,8,http://welt1.freewar.de/freewar/images/npcs/holzkroete.gif,0,4
Hornrücken,0,10,0,0,http://welt1.freewar.de/freewar/images/npcs/hornruecken.gif,1,5
Hulnodar-Heiler,7,80,1,8,http://welt1.freewar.de/freewar/images/npcs/hulnodarheiler.gif,0,4
Hulnodar-Kiste,0,1000,0,0,http://welt1.freewar.de/freewar/images/npcs/truhe2.gif,1,5
Hulnodar-Wächter,12,250,1,26,,0,4
"Hundertfüßiger Dilinug",1,2,1,2,,0,4
"Hyperaktiver Waldhüpfer",3100,480000,1,17,http://welt1.freewar.de/freewar/images/npcs/waldhu.gif,0,4
Hyäne,2,13,1,32,http://welt1.freewar.de/freewar/images/npcs/hyaene.gif,0,4
Höhlenbär,12,170,2,57,,0,4
Höhlenmensch,5,35,2,23,http://welt1.freewar.de/freewar/images/npcs/hoehlenmensch.gif,0,4
Insel-Schnapper,2,40,1,28,,0,4
Itolos-Schrecke,5,30,1,10,http://welt1.freewar.de/freewar/images/npcs/itoschreck.gif,0,4
Jerodar-Anführer,20,150000,5,90,http://welt1.freewar.de/freewar/images/npcs/jerodar.gif,0,2
Jerodar-Dieb,3,15,2,1,,0,4
Jerodar-Erdwühler,2,15,1,1,,0,4
Jerodar-Kiste,0,1000,0,0,http://welt1.freewar.de/freewar/images/npcs/truhe3.gif,1,5
Jerodar-Lehrling,1,15,0,1,,0,4
"Junger Abgesandter",5,40,1,5,http://welt1.freewar.de/freewar/images/npcs/abgesand.gif,0,4
"Junger Giftgrabl",9,100,1,92,http://welt1.freewar.de/fwupdate/images/npcs/giftgrabl.gif,0,4
"Junger Graustein-Bär",1,100,1,10,http://welt1.freewar.de/freewar/images/npcs/klgraustein.gif,0,4
"Junger Schatten der Dunkelheit",3,25,1,5,http://welt1.freewar.de/freewar/images/npcs/schatten.gif,0,4
"Junger Stororaptor",25,330,1,6,http://welt1.freewar.de/freewar/images/npcs/klstoro.gif,0,4
"Junger Strativar",10,150,1,6,http://welt1.freewar.de/freewar/images/npcs/strativar.gif,0,4
Kaklatron,2,7,1,23,http://welt1.freewar.de/freewar/images/npcs/kaklatron.gif,0,4
Kanal-Krake,3,10,1,32,http://welt1.freewar.de/freewar/images/npcs/kanalkrake.gif,0,4
Kanalqualle,50,10000,1,38,http://welt1.freewar.de/freewar/images/npcs/kanalqualle.gif,0,4
Kastanienträne,0,0,0,1,http://welt1.freewar.de/freewar/images/npcs/blutkastanie.gif,0,4
Kellerkiste,0,1000,0,0,http://welt1.freewar.de/freewar/images/npcs/etruhe.gif,1,5
"Kiste der Festung",0,1000,0,0,http://welt1.freewar.de/freewar/images/npcs/truhe1.gif,1,5
Klapperschlange,3,8,1,0,http://welt1.freewar.de/freewar/images/npcs/klapperschlange.gif,0,4
Klauenbartrein,22,2000,3,150,,0,4
Klauenratte,1,7,1,22,,0,4
"Kleine Blutratte",4,16,0,1,http://welt1.freewar.de/freewar/images/npcs/blutratte.gif,0,4
"Kleine Blutweide",256,65536,0,1,http://welt1.freewar.de/freewar/images/npcs/blutbaum.gif,0,4
"Kleine Farbanomalie",3,25,1,10,http://welt1.freewar.de/freewar/images/npcs/klblitzanomalie.gif,0,4
"Kleine Grottenschlange",9,120,1,19,http://welt1.freewar.de/freewar/images/npcs/gschlange.gif,0,4
"Kleine Luftschnecke",1,6,1,2,,0,4
"Kleine Spinne",2,25,1,23,http://welt1.freewar.de/freewar/images/npcs/klspinne.gif,0,4
"Kleine Stachelmade",1,1,1,1,http://welt1.freewar.de/freewar/images/npcs/stachelmade.gif,0,4
"Kleiner Laubbär",3,20,1,14,http://welt1.freewar.de/freewar/images/npcs/laubbaer1.gif,0,4
"Kleiner Nebelkreischer",6,60,1,30,,0,4
"Kleiner Phasenbär",2,25,1,1,http://welt1.freewar.de/freewar/images/npcs/phabaer.gif,0,4
"Kleiner Spindelschreiter",1,12,0,1,http://welt1.freewar.de/freewar/images/npcs/spindel2.gif,0,4
"Kleiner Steingolem",6,160,1,57,,0,4
"Kleiner Waldschlurch",2,15,1,8,http://welt1.freewar.de/freewar/images/npcs/waldschlurch.gif,0,4
"Kleines Haus-Schaf",1,5,1,12,http://welt1.freewar.de/freewar/images/npcs/hausschaf.gif,0,4
"Kleines Reen",1,10,1,6,,0,4
"Kleines Schaf",1,5,1,12,http://welt1.freewar.de/freewar/images/npcs/schaf.gif,0,4
"Kleines Schlangentier",1,8,1,1,,0,4
Knochensammler,5,55,2,57,,0,4
"Knorpel-Monster aus Draht (NPC)",10,3000,1,1,http://welt1.freewar.de/freewar/images/npcs/knomon.gif,0,2
"Knorrige Wurzel",41,1681,0,1,,0,4
Knunglo,10,120,1,8,,0,4
"Knurrender Goldballenwurm",560,15000,0,0,http://welt1.freewar.de/freewar/images/npcs/zawurm.gif,0,4
"Kollektiver Salzhügel",25,5000,2,100,,0,3
Koloa-Käfer,1,2,1,2,http://welt1.freewar.de/freewar/images/npcs/koloakaefer.gif,0,4
Kopolaspinne,16,1000,6,80,http://welt1.freewar.de/freewar/images/npcs/kopolaspinne.gif,0,2
"Kraftvoller Sporenträger",710,98000,0,10,http://welt1.freewar.de/freewar/images/npcs/spora.gif,0,4
"Kranke Grottenschlange",271,2000,1,23,http://welt1.freewar.de/freewar/images/npcs/gschlange.gif,0,4
"Kranke Milchkuh",1,3,1,6,,0,4
"Kranker Todesläufer",3,30,1,8,http://welt1.freewar.de/freewar/images/npcs/todeslaeufer.gif,0,4
"Kranker Wüstensalamander",1,12,1,2,http://welt1.freewar.de/freewar/images/npcs/wsalam.gif,0,4
Kriechlapf,4,12,1,9,,0,4
Kristall-Orwane,7,80,1,2,http://welt1.freewar.de/freewar/images/npcs/orwane.gif,0,4
Kristallfisch,3,6,1,23,http://welt1.freewar.de/freewar/images/npcs/kristallfisch.gif,0,4
Kristallwasserpflanze,20,2000,1,35,,0,4
"Krumme Grünschimmer-Ameise",10,100,1,9,http://welt1.freewar.de/freewar/images/npcs/gameise.gif,0,4
Krustenkäfer,3,12,1,28,,0,4
"Kräftiger Graustein-Bär",100,12800,1,15,http://welt1.freewar.de/freewar/images/npcs/graustein.gif,0,4
"Kurnotan - der dunkle Magier",14,500,1,20,,0,2
Lablabkaktus,2,25,1,23,,0,4
Langfaden-Spinne,2,25,1,14,,0,4
Langzahnaffe,4,12,1,23,,0,4
Larafstrauch,3,10,1,0,http://welt1.freewar.de/freewar/images/npcs/larafstrauch.gif,0,4
Larpan,38,80000,5,2,,0,3
Larvennest,2,8,1,12,,0,4
Laubwiesenschlange,2,17,1,24,,0,4
"Lava Echse",2,20,1,28,,0,4
Lava-Käfer,4,20,1,31,,0,4
Lava-Wurm,2,20,1,28,,0,4
Lawinengeist,14,250,2,34,,0,4
"Lebende Bergspitze",13,2500,3,115,,0,4
"Lebende Statue",10,240,3,0,,0,4
"Lebende Waldwurzel",80,4000,2,30,,0,3
"Lebender Ast",3,30,1,90,,0,4
"Lebender Salzhügel",2,15,1,12,,0,4
"Lebender Tropfstein",37,17000,2,2,,0,3
Lehrlingskiste,0,1000,0,0,http://welt1.freewar.de/freewar/images/npcs/etruhe.gif,1,5
"Lernfähiger Spindelschreiter",40,122988,0,1,http://welt1.freewar.de/freewar/images/npcs/spindel.gif,0,4
"Leuchtende Dunkelsee-Qualle",890,160000,1,13,http://welt1.freewar.de/freewar/images/npcs/qualle2.gif,0,4
Lianenechse,3,10,1,22,,0,4
Lichtpflanze,9,90,1,90,,0,4
Lichtwurm,3,30,1,3,,0,4
"Lola - Die Hauskawutze",2,10,0,0,,0,2
"Loroktom, der große Steingolem",22,3000,2,100,http://welt1.freewar.de/freewar/images/npcs/grsteingolem.gif,0,3
"Magier der dunklen Macht",8,8000,12,2,,0,2
"Magier des Schutzes",3,13,1,22,http://welt1.freewar.de/freewar/images/npcs/magschutz.gif,0,4
"Magische Farbanomalie",47,7000,1,15,http://welt1.freewar.de/freewar/images/npcs/blitzanomalie.gif,0,4
Manticore,5,30,2,46,http://welt1.freewar.de/freewar/images/npcs/manticore.gif,0,4
"Massive Landqualle",52,8000,5,2,,0,3
"Metallischer Morschgreifer",240,99,1,20,http://welt1.freewar.de/freewar/images/npcs/morschgreifer2.gif,0,7
Milchkuh,1,3,1,6,http://welt1.freewar.de/freewar/images/npcs/milchkuh.gif,0,4
Moorgeist,7,70,2,34,http://welt1.freewar.de/freewar/images/npcs/moorgeist.gif,0,4
Moosgeflecht,2,25,1,23,,0,4
Moosspinne,2,25,1,23,,0,4
Mopfchen,0,1,0,0,,0,4
Mormdat,3,10,1,40,http://welt1.freewar.de/freewar/images/npcs/mormdat.gif,0,4
Morschgreifer,8,80,1,16,http://welt1.freewar.de/freewar/images/npcs/morschgreifer.gif,0,4
Morschwaldaffe,2,30,1,15,http://welt1.freewar.de/freewar/images/npcs/morschwaldaffe.gif,0,4
"Murmelndes Mormdat",3,10,1,40,http://welt1.freewar.de/freewar/images/npcs/mormdat.gif,0,4
"Mutierter Koloa-Käfer",15,1000,1,150,http://welt1.freewar.de/freewar/images/npcs/koloakaefer.gif,0,2
"Mutierter Morschgreifer",300,800,2,80,http://welt1.freewar.de/freewar/images/npcs/morschgreifer2.gif,0,4
"Mutiges Mormdat",3,10,1,40,http://welt1.freewar.de/freewar/images/npcs/mormdat.gif,0,4
"Mutter der Geysir-Schlucker",35,5000,1,24,http://welt1.freewar.de/freewar/images/npcs/mutter.gif,0,2
Nachtfledermaus,10,120,1,25,http://welt1.freewar.de/freewar/images/npcs/fleder2.gif,0,4
Nachtgonk,7,80,2,34,,0,4
"Nachtgonk (Quest)",7,80,2,35,,0,4
"Nachtgonk im dunklen Haus",7,40,1,69,,0,4
Nachtschattenraupe,3,10,1,6,http://welt1.freewar.de/freewar/images/npcs/raupe1.gif,0,4
"Narbiger Schneewurm",2,35,1,15,http://welt1.freewar.de/freewar/images/npcs/schneewurm.gif,0,4
Naurofbusch,1,3,1,12,,0,4
Nebelbesen,3,15,1,5,,0,4
Nebelblume,1,1,1,1,,0,4
"Nebelgeist Argarie",124,20000,1,59,http://welt1.freewar.de/freewar/images/npcs/nebelgeist.gif,0,2
"Nebelgeist Bargu",15,400,1,60,http://welt1.freewar.de/freewar/images/npcs/nebelgeist.gif,0,2
"Nebelgeist Frorie",30,5000,1,25,http://welt1.freewar.de/freewar/images/npcs/nebelgeist.gif,0,2
"Nebelgeist Girie",9,300,1,60,http://welt1.freewar.de/freewar/images/npcs/nebelgeist.gif,0,2
"Nebelgeist Murahn",5,30,1,75,http://welt1.freewar.de/freewar/images/npcs/nebelgeist.gif,0,2
"Nebelgeist Napirie",30,500,1,75,http://welt1.freewar.de/freewar/images/npcs/nebelgeist.gif,0,2
"Nebelgeist Nukarie",52,500000,1,25,http://welt1.freewar.de/freewar/images/npcs/nebelgeist.gif,0,2
"Nebelgeist Sorlie",21,600,1,60,http://welt1.freewar.de/freewar/images/npcs/nebelgeist.gif,0,2
"Nebelgeist Viginur",50,6000,1,60,http://welt1.freewar.de/freewar/images/npcs/nebelgeist.gif,0,2
"Nebelgeist Wrozie",40,800,1,75,http://welt1.freewar.de/freewar/images/npcs/nebelgeist.gif,0,2
Nebelhüpfer,3,15,1,11,http://welt1.freewar.de/freewar/images/npcs/nebelhu.gif,0,4
Nebelkrebs,14,150,1,25,,0,4
Nebelkreischer,18,250,2,40,,0,4
Nebelkrähe,3,20,1,18,http://welt1.freewar.de/freewar/images/npcs/nebelkraehe.gif,0,4
Nebelkröte,1,2,1,2,http://welt1.freewar.de/freewar/images/npcs/nebelkroete.gif,0,4
Nebelschleimer,20,500,1,58,,0,4
Nebelschnecke,3,15,1,5,,0,4
Nebelwesen,6,100,1,57,,0,4
Nebelwiesel,1,2,1,2,,0,4
Nebelwolf,120,5000,2,100,http://welt1.freewar.de/freewar/images/npcs/nebelwolf.gif,0,3
Nomade,5,50,2,12,,0,4
Norpi,5,60,1,7,,0,4
Onlo-Skelett,18,300,2,28,,0,4
Panzerrochen,94,18000,1,23,http://welt1.freewar.de/freewar/images/npcs/prochen.gif,0,4
Parfugurn,400,15000,1,16,,0,4
"Peitschende Blutliane",72,14000,1,25,,0,4
Pfeilschnecke,15,150,1,26,http://welt1.freewar.de/freewar/images/npcs/pfeilschnecke.gif,0,4
Phasenassel,2,45,1,1,http://welt1.freewar.de/freewar/images/npcs/phaassel.gif,0,4
"Phasenenergiefalle (NPC)",0,100,0,0,http://welt1.freewar.de/freewar/images/items/falle4.gif,1,5
Phasenfalter,135,45000,1,1,http://welt1.freewar.de/freewar/images/npcs/pfalter.gif,0,4
Phasenfuchs,7,61,1,1,http://welt1.freewar.de/freewar/images/npcs/phafuchs.gif,0,4
Phasengeier,9,90,1,1,http://welt1.freewar.de/freewar/images/npcs/phageier.gif,0,4
Phasengreifer,548,3500,1,1,http://welt1.freewar.de/freewar/images/npcs/phagreifer.gif,0,4
Phasenhummer,710,260000,1,1,http://welt1.freewar.de/freewar/images/npcs/phummer.gif,0,4
Phasenkiste,0,1000,0,0,http://welt1.freewar.de/freewar/images/npcs/phakiste.gif,1,5
Phasenkraken,370,39000,1,2,http://welt1.freewar.de/freewar/images/npcs/phakrake.gif,0,4
Phasenkrebs,3,25,1,1,http://welt1.freewar.de/freewar/images/npcs/phakrebs.gif,0,4
Phasenkrokodil,14,160,1,1,http://welt1.freewar.de/freewar/images/npcs/phakrokodil.gif,0,4
Phasenkuh,2,15,1,1,http://welt1.freewar.de/freewar/images/npcs/phakuh.gif,0,4
Phasenlibelle,4,41,1,1,http://welt1.freewar.de/freewar/images/npcs/phalibelle.gif,0,4
Phasenlurch,3,27,1,1,http://welt1.freewar.de/freewar/images/npcs/phalurch.gif,0,4
Phasenmade,5,35,1,1,http://welt1.freewar.de/freewar/images/npcs/phamade.gif,0,4
Phasenmücke,1,18,1,1,http://welt1.freewar.de/freewar/images/npcs/phamuecke.gif,0,4
Phasenportal,0,1000,0,0,,1,5
Phasenqualle,5850,950000,1,1,http://welt1.freewar.de/freewar/images/npcs/pqualle.gif,0,4
Phasenratte,1,10,1,1,http://welt1.freewar.de/freewar/images/npcs/pharatte.gif,0,4
Phasenraupe,24,350,1,1,http://welt1.freewar.de/freewar/images/npcs/pharaupe.gif,0,4
Phasensalamander,3,26,1,1,http://welt1.freewar.de/freewar/images/npcs/phasalam.gif,0,4
Phasenschabe,6,18,1,1,http://welt1.freewar.de/freewar/images/npcs/phaschabe.gif,0,4
Phasenschaf,2,12,1,1,http://welt1.freewar.de/freewar/images/npcs/phaschaf.gif,0,4
Phasenschildkröte,1450,540000,1,1,http://welt1.freewar.de/freewar/images/npcs/pschildkroete.gif,0,4
Phasenschlamm,1,20,1,1,http://welt1.freewar.de/freewar/images/npcs/phaschlamm.gif,0,4
Phasenschlange,8,80,1,1,http://welt1.freewar.de/freewar/images/npcs/phaschlange.gif,0,4
Phasenschleim,4,36,1,1,http://welt1.freewar.de/freewar/images/npcs/phaschleim.gif,0,4
Phasenschnecke,6,55,1,1,http://welt1.freewar.de/freewar/images/npcs/phaschnecke.gif,0,4
Phasenseestern,250,85000,1,1,http://welt1.freewar.de/freewar/images/npcs/pseestern.gif,0,4
Phasenskelkos,75,10000,1,1,http://welt1.freewar.de/freewar/images/npcs/phaskelkos.gif,0,3
Phasenskorpion,231,23000,1,1,http://welt1.freewar.de/freewar/images/npcs/phaskorpion.gif,0,4
Phasenspinne,25,320,1,1,http://welt1.freewar.de/freewar/images/npcs/phaspinne.gif,0,4
Phasentiger,59,5300,1,1,http://welt1.freewar.de/freewar/images/npcs/phatiger.gif,0,4
Phasenverbrenner,110,15000,1,1,http://welt1.freewar.de/freewar/images/npcs/phaver.gif,0,2
Phasenvogel,2,13,1,1,http://welt1.freewar.de/freewar/images/npcs/phavogel.gif,0,4
Phasenwiesel,1,8,1,1,http://welt1.freewar.de/freewar/images/npcs/phawiesel.gif,0,4
Phasenwolf,23,630,1,1,http://welt1.freewar.de/freewar/images/npcs/phawolf.gif,0,4
Phasenwurm,3,30,1,2,http://welt1.freewar.de/freewar/images/npcs/phawurm.gif,0,4
Pilzwachtel,1,3,1,6,,0,4
Pironer,35,10000,1,25,http://welt1.freewar.de/freewar/images/npcs/pironer.gif,0,2
Plätscherfluss-Krokodil,586,112000,2,36,,0,4
"Portal des Feuers",0,10,0,0,,1,5
"Portal des Wassers",0,10,0,0,,1,5
"Portal in die Unterwelt",0,100,0,0,http://welt1.freewar.de/freewar/images/npcs/portal1.gif,1,5
"Portalstab (NPC)",0,100,0,0,http://welt1.freewar.de/freewar/images/npcs/portalstab.gif,1,5
Portalstab-Anbeter,20,250,1,3,http://welt1.freewar.de/freewar/images/npcs/anbeter.gif,0,4
Randalierer,8,80,1,5,http://welt1.freewar.de/freewar/images/npcs/randal.gif,0,2
Reen,6,50,2,55,,0,4
"Reicher Wüstensalamander",3,12,1,50,http://welt1.freewar.de/freewar/images/npcs/wsalam.gif,0,4
"Reisender Fallensteller",8,90,1,8,http://welt1.freewar.de/freewar/images/npcs/fallensteller.gif,0,4
"Resistenter Graustein-Bär",0,0,0,0,,0,6
"Resistenter Schatten",600,244,0,0,http://welt1.freewar.de/freewar/images/npcs/schatten.gif,0,7
"Resistenter Stachelschuss-Igel",570,269,0,0,http://welt1.freewar.de/freewar/images/npcs/igel.gif,0,7
Riesenfalter-Kokon,1,5,1,8,http://welt1.freewar.de/freewar/images/npcs/kokon1.gif,0,4
Riesenhornisse,9,100,1,30,http://welt1.freewar.de/freewar/images/npcs/hornisse.gif,0,4
Riesenlibelle,2,10,1,12,http://welt1.freewar.de/freewar/images/npcs/riesenlibelle.gif,0,4
"Riesige Gift-Dschungelschlange",7,100,2,17,http://welt1.freewar.de/freewar/images/npcs/schlange1.gif,0,4
"Riesige Landmuschel",43,9000,1,80,http://welt1.freewar.de/freewar/images/npcs/landmuschel.gif,0,4
"Riesige Schattenfledermaus",14,400,3,80,http://welt1.freewar.de/freewar/images/npcs/fledermaus.gif,0,4
Rindenhagel,160,25600,0,1,,0,4
Rindenwalze,0,0,0,1,,0,4
Ringraupe,3,10,1,4,http://welt1.freewar.de/freewar/images/npcs/ringraupe.gif,0,4
"Robuster Morschgreifer",220,104,1,20,http://welt1.freewar.de/freewar/images/npcs/morschgreifer2.gif,0,6
"Robuster Spindelschreiter",378,0,0,1,http://welt1.freewar.de/freewar/images/npcs/spindel3.gif,0,7
"Rote Landkoralle",10,100,1,5,http://welt1.freewar.de/freewar/images/npcs/landkoralle.gif,0,2
"Rote Riesenlibelle",1,15,1,20,http://welt1.freewar.de/freewar/images/npcs/rlibelle.gif,0,4
"Rote Steinspinne",3,10,1,29,,0,4
Roteiskoralle,16,12000,4,2,http://welt1.freewar.de/freewar/images/npcs/roteiskoralle.gif,0,2
"Roter Baumkuschler",5,70,1,17,http://welt1.freewar.de/freewar/images/npcs/rauperot.gif,0,4
"Roter Felswurm",2,30,1,12,http://welt1.freewar.de/freewar/images/npcs/felswurm2.gif,0,4
"Roter Sandhund",10,160,1,46,http://welt1.freewar.de/freewar/images/npcs/sandhund.gif,0,4
Rotfell-Reh,186,32000,1,15,,0,4
Rotfell-Rehkitz,5,35,1,8,,0,4
Rotpunkt-Tiger,8,200,1,26,http://welt1.freewar.de/freewar/images/npcs/rotpunkt.gif,0,4
Rotschimmer-Ameise,5300,890000,1,15,http://welt1.freewar.de/freewar/images/npcs/rameise.gif,0,4
Rotzahnhai,6,70,1,28,http://welt1.freewar.de/freewar/images/npcs/rotzahnhai.gif,0,4
"Rubinroter Waldgeist",3129,1895760,4,70,http://welt1.freewar.de/freewar/images/npcs/rubingeist.gif,0,4
Ruinen-Wurm,1,6,1,2,,0,4
Ruinenschleicher,5,30,1,12,http://welt1.freewar.de/freewar/images/npcs/ruinenschleicher.gif,0,4
Röhrenkrebs,6,90,1,35,http://welt1.freewar.de/freewar/images/npcs/roehrenkrebs.gif,0,4
"Saftende Itolos-Schrecke",11,111,1,10,http://welt1.freewar.de/freewar/images/npcs/itoschreck.gif,0,4
"Salzsüchtiger Staubschleifer",5,35,1,8,,0,4
Salzwasservogel,3,20,1,28,http://welt1.freewar.de/freewar/images/npcs/salzwasservogel.gif,0,4
Sandalin,6,40,2,30,,0,4
Sandechse,2,7,1,29,http://welt1.freewar.de/freewar/images/npcs/sandechse.gif,0,4
Sandfresserwurm,6,70,1,28,http://welt1.freewar.de/freewar/images/npcs/sandfresserwurm.gif,0,4
Sandgeist,4,20,1,17,,0,4
Sandgolem,1,26,1,15,http://welt1.freewar.de/freewar/images/npcs/sandgolem2.gif,0,4
Sandvogel,0,80,0,20,http://welt1.freewar.de/freewar/images/npcs/sandvogel.gif,0,4
Savannen-Vogel,2,12,1,15,,0,4
Schachtelmesserfarn,37,700,1,35,http://welt1.freewar.de/freewar/images/npcs/schachtelmesserfarn.gif,0,4
Schaf,2,10,1,24,http://welt1.freewar.de/freewar/images/npcs/schaf.gif,0,4
"Schatten der Dunkelheit",14,180,1,8,http://welt1.freewar.de/freewar/images/npcs/schatten.gif,0,4
"Schatten des Weltenwandlers",10,121,1,15,,0,4
Schatten-Ei,67,8000,1,65,http://welt1.freewar.de/freewar/images/npcs/schattenei.gif,0,2
"Schattenkreatur Gortari",85,30000,3,2,http://welt1.freewar.de/freewar/images/npcs/schatten.gif,0,2
"Schattenkreatur Jalakori",55,30000,3,2,http://welt1.freewar.de/freewar/images/npcs/schatten.gif,0,2
"Schattenkreatur Mantori",30,20000,3,2,http://welt1.freewar.de/freewar/images/npcs/schatten.gif,0,2
"Schattenkreatur Turwakori",350,30000,3,2,http://welt1.freewar.de/freewar/images/npcs/schatten.gif,0,2
"Schattenkreatur XY (Gruppen-NPC)",1,1,0,1,http://welt1.freewar.de/freewar/images/npcs/schatten.gif,0,3
"Schattenkreatur XY (NPC)",1,1,0,1,http://welt1.freewar.de/freewar/images/npcs/schatten.gif,0,4
"Schattenkreatur XY (Unique-NPC)",1,1,0,1,http://welt1.freewar.de/freewar/images/npcs/schatten.gif,0,2
Schattenkrokodil,21,3000,2,100,http://welt1.freewar.de/freewar/images/npcs/schattenkrokodil.gif,0,3
Schattenmoos,3,60,1,15,,0,4
Schattensalamander,35,3200,1,18,http://welt1.freewar.de/freewar/images/npcs/salma.gif,0,4
Schattenwesen,2,10,1,23,http://welt1.freewar.de/freewar/images/npcs/schattenwesen.gif,0,4
Schattenwiesel,1,2,1,2,,0,4
Schattenwolf,7,20,3,12,,0,4
"Schatzsucher (Unique-NPC)",20,2000,3,80,,0,2
Schaufelmaulwurf,15,150,0,1,http://welt1.freewar.de/freewar/images/npcs/maulwurf.gif,0,4
Schlammkaktus,33,800,2,18,http://welt1.freewar.de/freewar/images/npcs/schlammkaktus.gif,0,4
Schleimraupe,12,180,1,9,http://welt1.freewar.de/freewar/images/npcs/raupec.gif,0,4
"Schleuderfalle (NPC)",0,100,0,0,http://welt1.freewar.de/freewar/images/items/falle1.gif,1,5
"Schlingende Lianenpeitsche",26,5000,1,16,,0,4
Schlurum,15,250,1,9,http://welt1.freewar.de/freewar/images/npcs/schlurum.gif,0,4
"Schmatzende Blattspinne",2,25,1,9,http://welt1.freewar.de/freewar/images/npcs/blattspinne.gif,0,4
"Schmerzfalle (NPC)",0,100,0,0,http://welt1.freewar.de/freewar/images/items/falle2.gif,1,5
"Schmieriger Geschäftemacher",15,350,1,30,,0,2
Schneefisch,1,7,1,6,http://welt1.freewar.de/freewar/images/npcs/stabfisch.gif,0,4
Schneehase,2,8,1,12,,0,4
Schneehuhn,1,2,1,2,,0,4
Schneekäfer,2,8,1,12,,0,4
Schneekäfer-Kokon,1,8,1,5,,0,4
Schneekäfer-Raupe,2,8,1,12,,0,4
Schneesturmgeist,127,16000,3,53,http://welt1.freewar.de/freewar/images/npcs/schneesturm.gif,0,4
Schneewiesel,1,2,1,2,,0,4
Schneeworan,8,200,1,10,http://welt1.freewar.de/freewar/images/npcs/woran.gif,0,2
Schneewurm,2,35,1,12,http://welt1.freewar.de/freewar/images/npcs/schneewurm.gif,0,4
"Schnelle Bernstein-Raupe",90,49,1,30,http://welt1.freewar.de/freewar/images/npcs/raupe.gif,0,6
"Schneller Steinmolch",10,120,1,15,http://welt1.freewar.de/freewar/images/npcs/molch.gif,0,4
"Schneller Stororaptor",240,124,1,19,http://welt1.freewar.de/freewar/images/npcs/storo.gif,0,6
"Schnelles Tonar-Reptil",160,84,1,14,http://welt1.freewar.de/freewar/images/npcs/tonar.gif,0,6
Schnellflatter-Schmetterling,280,250,0,0,http://welt1.freewar.de/freewar/images/npcs/schmetter2.gif,0,7
Schotterraupe,5,40,1,18,http://welt1.freewar.de/freewar/images/npcs/schotter.gif,0,4
Schotterwurm,0,10,0,0,http://welt1.freewar.de/freewar/images/npcs/schotterwurm.gif,1,5
"Schwacher Sporenträger",3,10,0,5,http://welt1.freewar.de/freewar/images/npcs/spora.gif,0,4
"Schwacher Unterwelt-Dämon",17,280,1,6,http://welt1.freewar.de/freewar/images/npcs/udemon.gif,0,4
"Schwaches Stachelkrokodil",12,121,1,15,http://welt1.freewar.de/freewar/images/npcs/stachelkrok.gif,0,4
"Schwangeres Schneehuhn",1,2,1,2,,0,4
"Schwarze Keitel-Spinne",4,18,1,23,http://welt1.freewar.de/freewar/images/npcs/keitelspinne.gif,0,4
Schwarzwespen,5,40,2,34,,0,4
"Schwebende Goldkutsche",7,5000,2,120,http://welt1.freewar.de/freewar/images/npcs/kutsche.gif,0,2
"Schwimmendes Tentakel",6,40,2,6,,0,4
"Schwächefalle (NPC)",0,100,0,0,http://welt1.freewar.de/freewar/images/items/falle4.gif,1,5
Seeschlamm,9,100,1,2,http://welt1.freewar.de/freewar/images/npcs/seeschlamm.gif,0,4
Seichtwasserpilz,2,70,1,8,,0,4
"Seltsames Tier",1,2,1,2,,0,4
Serbanthi,9,90,1,32,,0,4
Seuchenflügler,2,4,1,4,http://welt1.freewar.de/freewar/images/npcs/schmetter3.gif,0,4
Siedestein-Dampfgeist,80,8000,2,80,,0,4
Siedestein-Morschgreifer,30,30000,2,30,http://welt1.freewar.de/freewar/images/npcs/morschgreifer2.gif,0,3
Siedesteinkäfer,5,40,2,80,,0,4
Silberfluss-Bär,8,300,2,100,,0,3
Silberfuchs,2,8,1,12,http://welt1.freewar.de/freewar/images/npcs/silberfuchs.gif,0,4
Silbergras-Spinne,1,10,1,21,,0,4
Silberstein-Salamander,1,12,1,2,http://welt1.freewar.de/freewar/images/npcs/wsalam.gif,0,4
Silberwurmhaufen,2,25,1,23,http://welt1.freewar.de/freewar/images/npcs/silberwurmhaufen.gif,0,4
Siramücken-Schwarm,50,12000,2,100,http://welt1.freewar.de/freewar/images/npcs/sira.gif,0,3
"Sohn des Wiesengeistes",16,800,2,100,,0,3
Solarda-Fisch,3,20,1,21,http://welt1.freewar.de/freewar/images/npcs/solarda.gif,0,4
"Spezialist für Erze",5,100,1,25,,0,2
Spindelschreiter,10,1500,0,1,http://welt1.freewar.de/freewar/images/npcs/spindel3.gif,0,4
Spindelschreiter-Überwacher,93,10000,5,50,http://welt1.freewar.de/freewar/images/npcs/spindel.gif,0,3
"Spinne der Staubnetze",80,5000,2,100,http://welt1.freewar.de/freewar/images/npcs/spinnederstaub.gif,0,3
Sporenträger,4,40,0,12,http://welt1.freewar.de/freewar/images/npcs/spora.gif,0,4
Sprungechse,2,7,1,29,http://welt1.freewar.de/freewar/images/npcs/sprungechse.gif,0,4
"Spröder Ast",3,9,0,1,,0,4
Sprühregenwurm,3,25,0,1,http://welt1.freewar.de/freewar/images/npcs/nieselwurm.gif,0,4
Stabfisch,1,7,1,6,http://welt1.freewar.de/freewar/images/npcs/stabfisch.gif,0,4
Stabkrebs,3,18,1,6,,0,4
Stabschrecke,8,70,1,18,,0,4
Stachelblutdickicht,205,42025,0,1,http://welt1.freewar.de/freewar/images/npcs/blutwurzel.gif,0,4
Stachelfisch,3,20,1,1,http://welt1.freewar.de/freewar/images/npcs/stachelfisch.gif,0,4
Stachelkrokodil,510,71000,2,23,http://welt1.freewar.de/freewar/images/npcs/stachelkrok.gif,0,4
Stachelkäfer,2,25,1,23,,0,4
Stachelschildkröte,590,79000,1,10,http://welt1.freewar.de/freewar/images/npcs/schildkr.gif,0,4
Stachelschreck,7,80,1,34,,0,4
"Starrfalle (NPC)",0,100,0,0,http://welt1.freewar.de/freewar/images/items/falle2.gif,1,5
Staub-Maus,1,7,1,23,,0,4
Staub-Skelett,5,50,1,21,,0,4
Staubassel,2,25,1,23,http://welt1.freewar.de/freewar/images/npcs/staubassel.gif,0,4
Staubflatterer,1,10,1,18,,0,4
Staubgeist,16,800,1,25,,0,4
"Staubige Pilzwachtel",1,3,1,6,,0,4
Staubkrieger,33,200000,12,2,,0,2
Staubschleifer,5,35,1,8,,0,4
Staubschleifer-Königin,29,12000,2,100,,0,3
Stechmücken,2,15,1,13,http://welt1.freewar.de/freewar/images/npcs/sira.gif,0,4
Stegovar,2,17,1,2,,0,4
Stein-Koloss,35,150000,5,2,http://welt1.freewar.de/freewar/images/npcs/steinkoloss.gif,0,2
Stein-Skelkos,8,120,1,25,http://welt1.freewar.de/freewar/images/npcs/skelkos.gif,0,2
Stein-Tentakel,6,40,2,17,,0,4
Steingolem,12,320,2,103,,0,4
Steinhuhn,2,30,1,8,,0,4
Steinkatze,1,3,1,12,,0,4
Steinkratzkäfer,2,25,1,7,http://welt1.freewar.de/freewar/images/npcs/kratzkaefer.gif,0,4
Steinkäfer,2,20,1,21,,0,4
Steinmolch,4,40,1,15,http://welt1.freewar.de/freewar/images/npcs/molch.gif,0,4
Steinpicker-Vogel,3,20,1,12,,0,4
Steinschalenkäfer,14,1200,1,28,,0,4
Steinspinne,3,10,1,29,,0,4
Steppenwolf,4,10,1,23,,0,4
Stepto-Waran,190,152,1,12,http://welt1.freewar.de/freewar/images/npcs/waran1.gif,0,6
"Sterbliche Waldratte",1,7,1,18,http://welt1.freewar.de/freewar/images/npcs/waldratte.gif,0,4
Sternenzerstörer,100,60000,1,12,http://welt1.freewar.de/freewar/images/npcs/sternenzerstoerer.gif,0,4
"Stolperfalle (NPC)",0,100,0,0,http://welt1.freewar.de/freewar/images/items/falle3.gif,1,5
Stororaptor,480,68000,1,18,http://welt1.freewar.de/freewar/images/npcs/storo.gif,0,4
Strandlokil,8,90,1,33,http://welt1.freewar.de/freewar/images/npcs/strandlokil.gif,0,4
Strauchkäfer,2,8,1,12,,0,4
"Störrischer Stororaptor",165,25000,2,2,http://welt1.freewar.de/freewar/images/npcs/storo.gif,0,3
Sula-Echse,30,30000,2,150,http://welt1.freewar.de/freewar/images/npcs/sulaechse.gif,0,2
Sumpflandkröte,2,15,1,12,http://welt1.freewar.de/freewar/images/npcs/sumpflandkroete.gif,0,4
Sumpfschrecke,12,170,2,40,http://welt1.freewar.de/freewar/images/npcs/sumpfschrecke.gif,0,4
Sumpfspinne,3,20,1,20,http://welt1.freewar.de/freewar/images/npcs/sumpfspinne.gif,0,4
Teidam,5,50,2,12,,0,4
Tempelhüpfer,3,25,1,14,,0,4
Tempelhüter,25,4000,5,2,,0,3
Tempelschatz,0,1000,0,0,http://welt1.freewar.de/freewar/images/npcs/etruhe2.gif,1,5
Tempelwächter,35,12000,5,2,,0,3
"Temporaler Falter",8,35,1,12,http://welt1.freewar.de/freewar/images/npcs/falter3.gif,0,4
Tentakel,6,40,2,57,,0,4
"Tentakel aus Gold",6,40,2,92,,0,4
"Thorom Logrid",7,50,1,5,http://welt1.freewar.de/freewar/images/npcs/person4.gif,0,4
Tiefsee-Aal,8,90,1,38,http://welt1.freewar.de/freewar/images/npcs/aal.gif,0,4
Tilua-Pflanze,36,200000,7,2,,0,2
Todesflossen-Fisch,150,500000,5,2,http://welt1.freewar.de/freewar/images/npcs/todesflossen.gif,0,2
Todesmoor-Krokodil,8,90,1,58,http://welt1.freewar.de/freewar/images/npcs/krokodil.gif,0,4
Tolloschein-Fresser,2,25,1,3,http://welt1.freewar.de/freewar/images/npcs/tollom.gif,0,4
"Tollwütiger Graustein-Bär",1,25000,1,16,http://welt1.freewar.de/freewar/images/npcs/graustein.gif,0,3
Tonar-Reptil,800,130000,1,26,http://welt1.freewar.de/freewar/images/npcs/tonar.gif,0,4
"Tote Bergspitze",53,10200,3,43,,0,4
"Tote Kuh",1,1,0,6,http://welt1.freewar.de/freewar/images/npcs/milchkuh.gif,0,4
"Totes Wawruz",2,10,1,14,http://welt7.freewar.de/freewar/images/npcs/wawruz.gif,0,4
"Transparenter Schatten",560,239,1,35,http://welt1.freewar.de/freewar/images/npcs/schatten.gif,0,6
"Triefender Wandschleim",5,40,1,28,http://welt1.freewar.de/freewar/images/npcs/wandschleim.gif,0,4
Trockenwurm,3,10,1,38,,0,4
Tropfsteinwandler,15,150,1,26,http://welt1.freewar.de/freewar/images/npcs/trowandler.gif,0,4
Tropfsteinwurm,3,20,1,28,http://welt1.freewar.de/freewar/images/npcs/tropfsteinwurm.gif,0,4
Turmgeist,20,5000,0,0,,0,2
"Tänzerin von Beispieluser",4,40,0,4,"http://welt1.freewar.de/freewar/images/npcs/dancer1.gif http://welt1.freewar.de/freewar/images/npcs/dancer2.gif http://welt1.freewar.de/freewar/images/npcs/dancer3.gif",0,2
"Umnebeltes Schlangentier",1,8,1,1,,0,4
"Unbekannter Affe",8,80,1,15,http://welt1.freewar.de/freewar/images/npcs/affe2.gif,0,4
Undaron,10,1,1,28,http://welt1.freewar.de/freewar/images/npcs/undaron.gif,0,4
"Unsterbliche Waldratte",1,7,1,22,http://welt1.freewar.de/freewar/images/npcs/waldratte.gif,0,4
Unterwelt-Dämon,430,55000,1,8,http://welt1.freewar.de/freewar/images/npcs/udemon.gif,0,4
"Untoter Bürger",13,200,2,34,http://welt1.freewar.de/freewar/images/npcs/untoterbuerger.gif,0,4
"Untoter Bürgermeister",135,21000,2,10,http://welt1.freewar.de/freewar/images/npcs/untoterbuerger2.gif,0,2
"Untoter Winterbürger",13,200,2,34,http://welt1.freewar.de/freewar/images/npcs/untoterbuerger.gif,0,4
"Unverwüstliches Undaron",30,15,0,0,http://welt1.freewar.de/freewar/images/npcs/undaron.gif,0,7
"Uralte Bluteiche",1496,2238016,0,1,,0,4
"Uralter Unterwelt-Dämon",3500,650000,1,10,http://welt1.freewar.de/freewar/images/npcs/udemon.gif,0,4
Urwaldkuh,1,3,1,6,http://welt1.freewar.de/freewar/images/npcs/milchkuh.gif,0,4
Urwaldschnecke,4,40,1,26,http://welt1.freewar.de/freewar/images/npcs/waldschnecke.gif,0,4
"Vater aller Stachelschuss-Igel",350,18000,20,200,http://welt1.freewar.de/freewar/images/npcs/igel.gif,0,2
"Verirrter Aasgeier",2,10,1,4,http://welt1.freewar.de/freewar/images/npcs/aasgeier.gif,0,4
"Verrosteter Wächtergolem",5,20,1,20,http://welt1.freewar.de/freewar/images/npcs/golem1.gif,0,4
"Verrückter Frostdämon",65,12000,2,21,http://welt1.freewar.de/freewar/images/npcs/frostdaemon.gif,0,4
"Verschneites Geröllwiesel",1,2,1,2,,0,4
"Verstümmelter Morschgreifer",4,35,1,16,http://welt1.freewar.de/freewar/images/npcs/morschgreifer.gif,0,4
"Verstümmeltes Holzmonster",465,72000,1,14,http://welt1.freewar.de/freewar/images/npcs/lholz.gif,0,4
Vertin,27,10080,3,80,http://welt1.freewar.de/freewar/images/npcs/vertin.gif,0,3
"Vertrockneter Seichtwasserpilz",1,70,1,8,,0,4
"Verwehter Sandgeist",4,20,1,17,,0,4
"Verwirrtes Schaf",1,5,1,12,http://welt1.freewar.de/freewar/images/npcs/schaf.gif,0,4
"Verwirrtes Sägezahnblatt",50000,3000000,20,35,http://welt1.freewar.de/freewar/images/npcs/saegezahn.gif,0,4
"Verwundete Nebelmaus",1,7,1,22,,0,4
"Verzauberte Nachtfledermaus",520,56213,1,30,http://welt1.freewar.de/freewar/images/npcs/fleder2.gif,0,4
"Verzauberter Energiewurm",3,40,1,17,http://welt1.freewar.de/freewar/images/npcs/energiewurm.gif,0,4
Vorhof-Koordinator,10,160,1,8,http://welt1.freewar.de/freewar/images/npcs/abgesand.gif,0,4
Vulkandämon,30,5000,2,31,http://welt1.freewar.de/freewar/images/npcs/vulkandaemon.gif,0,4
"Wachsamer Frostwolf",320,199,1,20,http://welt1.freewar.de/freewar/images/npcs/frostwolf.gif,0,6
"Wahnsinniger Waldschlurch",8,120,1,25,http://welt1.freewar.de/freewar/images/npcs/waldschlurch.gif,0,2
Waldhüpfer,23,200,1,12,http://welt1.freewar.de/freewar/images/npcs/waldhu.gif,0,4
Waldmonster,12,500,2,120,,0,3
Waldratte,1,7,1,22,http://welt1.freewar.de/freewar/images/npcs/waldratte.gif,0,4
Waldschlurch,2,15,1,23,http://welt1.freewar.de/freewar/images/npcs/waldschlurch.gif,0,4
Waldschlurch-Skelett,3,21,1,20,http://welt1.freewar.de/freewar/images/npcs/wsskelett.gif,0,4
Waldspinne,3,25,1,29,http://welt1.freewar.de/freewar/images/npcs/waldspinne.gif,0,4
Waldvogel,2,10,1,9,,0,4
"Wandelnde Blutesche",777,603729,0,1,,0,4
"Wandelnder Laubbaum",20,6000,2,100,,0,3
Wandschleim,5,40,1,28,http://welt1.freewar.de/freewar/images/npcs/wandschleim.gif,0,4
Wasser-Schemen,35,300000,20,2,,0,2
Wasserbär,4,35,1,34,,0,4
Wasserkatze,1,3,1,12,,0,4
Wasserschlange,1,8,1,36,http://welt1.freewar.de/freewar/images/npcs/wasserschlange.gif,0,4
Wassertentakel,5,60,1,18,http://welt1.freewar.de/freewar/images/npcs/wassertentakel.gif,0,4
Wawruz,2,10,1,14,http://welt1.freewar.de/freewar/images/npcs/wawruz.gif,0,4
Wegelagerer,10,280,2,25,http://welt1.freewar.de/freewar/images/npcs/wegelagerer.gif,0,4
"Weinende Kastanie",1505,2265025,0,1,,0,4
Weltenwandler,140,100000,5,80,http://welt1.freewar.de/freewar/images/npcs/weltenwandler.gif,0,3
Weltraum-Kraken,13,200,1,21,http://welt1.freewar.de/freewar/images/npcs/weltraumkrake.gif,0,4
"Wendige Glypra",25,35,1,16,http://welt1.freewar.de/freewar/images/npcs/glypra.gif,0,6
Wetterkontroll-Magier,25,10000,7,2,http://welt1.freewar.de/freewar/images/npcs/wettermagier.gif,0,2
Wiesenpfeifer,1,8,1,2,,0,4
Wiesenschrecke,2,12,1,26,,0,4
Windgeist,5,40,1,29,http://welt1.freewar.de/freewar/images/npcs/windgeist.gif,0,4
"Windgeist (Quest)",5,40,1,29,http://welt1.freewar.de/freewar/images/npcs/windgeist.gif,0,4
"Wirbelnder Rindenspeer",91,8281,0,1,,0,4
"Wolf der Finsternis",4,30,1,12,http://welt1.freewar.de/freewar/images/npcs/finsterniswolf.gif,0,4
"Wolkenblume (NPC)",1,6,1,2,,0,4
Wolkenflatterer,35,6000,1,8,,0,4
Wolkenkiste,0,1000,0,0,http://welt1.freewar.de/freewar/images/npcs/wkiste.gif,1,5
Wolkenschaf,2,8,1,5,,0,4
"Wolliges Goldschaf",1,5,1,12,http://welt1.freewar.de/freewar/images/npcs/schaf.gif,0,4
"Wucherwurzelbaum (NPC)",90,10000,1,2,http://welt1.freewar.de/freewar/images/npcs/heilenderbaum.gif,0,2
Wurzelkralle,190,36100,0,1,,0,4
"Wurzelnde Blutpeitsche",0,0,0,1,,0,4
Wurzelwurm,2,25,1,16,,0,4
"Wächter der Zelle",6,120,1,103,,0,4
"Wächter des Vulkans",10,200,3,46,,0,4
Wächtergolem,50,1300,1,20,http://welt1.freewar.de/freewar/images/npcs/golem1.gif,0,4
Wühlratte,2,20,1,15,,0,4
Wüsten-Ektofron,52,5521,1,22,http://welt1.freewar.de/freewar/images/npcs/ektofron2.gif,0,4
Wüstenkrake,27,7000,2,100,http://welt1.freewar.de/freewar/images/npcs/wuestenkrake.gif,0,3
Wüstenmaus,1,2,1,2,http://welt1.freewar.de/freewar/images/npcs/maus1.gif,0,4
Wüstenplankton,2,7,1,23,,0,4
Wüstensalamander,1,12,1,2,http://welt1.freewar.de/freewar/images/npcs/wsalam.gif,0,4
Wüstenschreck,3,10,1,40,,0,4
Wüstenspinne,2,7,1,23,http://welt1.freewar.de/freewar/images/npcs/wuestenspinne.gif,0,4
"Wütende Mooswurzel",33,530,1,10,http://welt1.freewar.de/freewar/images/npcs/mooswurzel.gif,0,4
"Zauberer der Bergwiesen",14,300,3,69,,0,4
"Zielscheibe (NPC)",1,40,0,1,http://welt1.freewar.de/freewar/images/npcs/zielscheibe2.gif,0,4
"Zitternde Mooswurzel",2,20,1,8,http://welt1.freewar.de/freewar/images/npcs/mooswurzel.gif,0,4
Zottelfell-Hirsch,0,0,0,0,http://welt1.freewar.de/freewar/images/npcs/hirsch.gif,1,5
Zukuvogel,2,15,1,9,http://welt1.freewar.de/freewar/images/npcs/zukuvogel.gif,0,4
"Zweibeinige Waldspinne",3,25,1,10,,0,4
"Zäher Spindelschreiter",730,0,0,1,http://welt1.freewar.de/freewar/images/npcs/spindel3.gif,0,6
